<?xml version="1.0" encoding="UTF-8"?>
<coverage generated="1711436242840" clover="3.2.0">
  <project timestamp="1711436242840" name="All files">
    <metrics statements="22" coveredstatements="22" conditionals="4" coveredconditionals="4" methods="1" coveredmethods="1" elements="27" coveredelements="27" complexity="0" loc="22" ncloc="22" packages="1" files="1" classes="1"/>
    <file name="merge.ts" path="D:\user\example_dev\merge-sorted-test\src\merge.ts">
      <metrics statements="22" coveredstatements="22" conditionals="4" coveredconditionals="4" methods="1" coveredmethods="1"/>
      <line num="1" count="6" type="cond" truecount="1" falsecount="0"/>
      <line num="2" count="6" type="stmt"/>
      <line num="3" count="6" type="stmt"/>
      <line num="4" count="6" type="stmt"/>
      <line num="5" count="6" type="stmt"/>
      <line num="6" count="6" type="stmt"/>
      <line num="7" count="6" type="stmt"/>
      <line num="8" count="6" type="stmt"/>
      <line num="9" count="6" type="cond" truecount="1" falsecount="0"/>
      <line num="10" count="31" type="stmt"/>
      <line num="11" count="31" type="cond" truecount="1" falsecount="0"/>
      <line num="12" count="241" type="cond" truecount="1" falsecount="0"/>
      <line num="13" count="57" type="stmt"/>
      <line num="14" count="57" type="stmt"/>
      <line num="15" count="57" type="stmt"/>
      <line num="16" count="57" type="stmt"/>
      <line num="17" count="57" type="stmt"/>
      <line num="18" count="241" type="stmt"/>
      <line num="19" count="31" type="stmt"/>
      <line num="20" count="6" type="stmt"/>
      <line num="21" count="6" type="stmt"/>
      <line num="22" count="6" type="stmt"/>
    </file>
  </project>
</coverage>
